<?xml version="1.0" encoding="UTF-8"?>
<!-- Generated by org.testng.reporters.JUnitReportReporter -->
<testsuite hostname="LAPTOP-UQOLB7HM" failures="1" tests="6" name="com.testclasses.CheckOutCompleteTest" time="142.357" errors="0" timestamp="2023-07-28T17:50:16 IST" skipped="0">
  <testcase classname="com.testclasses.CheckOutCompleteTest" name="verifycheckOutPageUrl" time="25.473"/>
  <system-out>
    <![CDATA[Original url of webPage- https://www.saucedemo.com/checkout-complete.html]]>
  </system-out>
  <testcase classname="com.testclasses.CheckOutCompleteTest" name="verifySuccessMsg" time="22.369"/>
  <system-out>
    <![CDATA[Original title of webPage- Your order has been dispatched, and will arrive just as fast as the pony can get there!]]>
  </system-out>
  <testcase classname="com.testclasses.CheckOutCompleteTest" name="verifywebPagetile" time="25.285">
    <failure message="expected [Swag Labs] but found [Checkout: Complete!]" type="java.lang.AssertionError">
      <![CDATA[java.lang.AssertionError: expected [Swag Labs] but found [Checkout: Complete!]
at org.testng.Assert.fail(Assert.java:110)
at org.testng.Assert.failNotEquals(Assert.java:1413)
at org.testng.Assert.assertEqualsImpl(Assert.java:149)
at org.testng.Assert.assertEquals(Assert.java:131)
at org.testng.Assert.assertEquals(Assert.java:655)
at org.testng.Assert.assertEquals(Assert.java:665)
at com.testclasses.CheckOutCompleteTest.verifywebPagetile(CheckOutCompleteTest.java:61)
at java.base/jdk.internal.reflect.NativeMethodAccessorImpl.invoke0(Native Method)
at java.base/jdk.internal.reflect.NativeMethodAccessorImpl.invoke(NativeMethodAccessorImpl.java:62)
at java.base/jdk.internal.reflect.DelegatingMethodAccessorImpl.invoke(DelegatingMethodAccessorImpl.java:43)
at java.base/java.lang.reflect.Method.invoke(Method.java:566)
at org.testng.internal.invokers.MethodInvocationHelper.invokeMethod(MethodInvocationHelper.java:139)
at org.testng.internal.invokers.TestInvoker.invokeMethod(TestInvoker.java:677)
at org.testng.internal.invokers.TestInvoker.invokeTestMethod(TestInvoker.java:221)
at org.testng.internal.invokers.MethodRunner.runInSequence(MethodRunner.java:50)
at org.testng.internal.invokers.TestInvoker$MethodInvocationAgent.invoke(TestInvoker.java:969)
at org.testng.internal.invokers.TestInvoker.invokeTestMethods(TestInvoker.java:194)
at org.testng.internal.invokers.TestMethodWorker.invokeTestMethods(TestMethodWorker.java:148)
at org.testng.internal.invokers.TestMethodWorker.run(TestMethodWorker.java:128)
at java.base/java.util.ArrayList.forEach(ArrayList.java:1541)
at org.testng.TestRunner.privateRun(TestRunner.java:829)
at org.testng.TestRunner.run(TestRunner.java:602)
at org.testng.SuiteRunner.runTest(SuiteRunner.java:437)
at org.testng.SuiteRunner.runSequentially(SuiteRunner.java:431)
at org.testng.SuiteRunner.privateRun(SuiteRunner.java:391)
at org.testng.SuiteRunner.run(SuiteRunner.java:330)
at org.testng.SuiteRunnerWorker.runSuite(SuiteRunnerWorker.java:52)
at org.testng.SuiteRunnerWorker.run(SuiteRunnerWorker.java:95)
at org.testng.TestNG.runSuitesSequentially(TestNG.java:1256)
at org.testng.TestNG.runSuitesLocally(TestNG.java:1176)
at org.testng.TestNG.runSuites(TestNG.java:1099)
at org.testng.TestNG.run(TestNG.java:1067)
at org.testng.remote.AbstractRemoteTestNG.run(AbstractRemoteTestNG.java:115)
at org.testng.remote.RemoteTestNG.initAndRun(RemoteTestNG.java:251)
at org.testng.remote.RemoteTestNG.main(RemoteTestNG.java:77)
]]>
    </failure>
  </testcase> <!-- verifywebPagetile -->
  <system-out/>
  <testcase classname="com.testclasses.CheckOutCompleteTest" name="verifyMsg" time="22.265"/>
  <system-out>
    <![CDATA[Original title of webPage- Thank you for your order!]]>
  </system-out>
  <testcase classname="com.testclasses.CheckOutCompleteTest" name="verifyBackBtn" time="23.134"/>
  <system-out>
    <![CDATA[BackButton is visible- true]]>
  </system-out>
  <testcase classname="com.testclasses.CheckOutCompleteTest" name="verifySuccessImg" time="23.831"/>
  <system-out>
    <![CDATA[BackButton is visible- true]]>
  </system-out>
</testsuite> <!-- com.testclasses.CheckOutCompleteTest -->
